#-----------------------------------------------------------
# Vivado v2018.2 (64-bit)
# SW Build 2258646 on Thu Jun 14 20:03:12 MDT 2018
# IP Build 2256618 on Thu Jun 14 22:10:49 MDT 2018
# Start of session at: Sun Mar 13 01:40:50 2022
# Process ID: 13908
# Current directory: C:/Users/junki/AppData/Roaming/Xilinx/Vivado
# Command line: vivado.exe -gui_launcher_event rodinguilauncherevent23140
# Log file: C:/Users/junki/AppData/Roaming/Xilinx/Vivado/vivado.log
# Journal file: C:/Users/junki/AppData/Roaming/Xilinx/Vivado\vivado.jou
#-----------------------------------------------------------
start_gui
open_project C:/Users/junki/Downloads/SoundDisplay/SoundDisplay/SoundDisplay.xpr
Scanning sources...
Finished scanning sources
INFO: [IP_Flow 19-234] Refreshing IP repositories
INFO: [IP_Flow 19-1704] No user IP repositories specified
INFO: [IP_Flow 19-2313] Loaded Vivado IP repository 'C:/Xilinx/Vivado/2018.2/data/ip'.
update_compile_order -fileset sources_1
launch_runs impl_1 -to_step write_bitstream -jobs 4
[Sun Mar 13 01:41:21 2022] Launched impl_1...
Run output will be captured here: C:/Users/junki/Downloads/SoundDisplay/SoundDisplay/SoundDisplay.runs/impl_1/runme.log
reset_run synth_1
launch_runs impl_1 -to_step write_bitstream -jobs 4
[Sun Mar 13 01:47:45 2022] Launched synth_1...
Run output will be captured here: C:/Users/junki/Downloads/SoundDisplay/SoundDisplay/SoundDisplay.runs/synth_1/runme.log
[Sun Mar 13 01:47:46 2022] Launched impl_1...
Run output will be captured here: C:/Users/junki/Downloads/SoundDisplay/SoundDisplay/SoundDisplay.runs/impl_1/runme.log
reset_run synth_1
launch_runs impl_1 -to_step write_bitstream -jobs 4
[Sun Mar 13 01:57:03 2022] Launched synth_1...
Run output will be captured here: C:/Users/junki/Downloads/SoundDisplay/SoundDisplay/SoundDisplay.runs/synth_1/runme.log
[Sun Mar 13 01:57:03 2022] Launched impl_1...
Run output will be captured here: C:/Users/junki/Downloads/SoundDisplay/SoundDisplay/SoundDisplay.runs/impl_1/runme.log
reset_run synth_1
launch_runs impl_1 -to_step write_bitstream -jobs 4
[Sun Mar 13 02:17:10 2022] Launched synth_1...
Run output will be captured here: C:/Users/junki/Downloads/SoundDisplay/SoundDisplay/SoundDisplay.runs/synth_1/runme.log
[Sun Mar 13 02:17:10 2022] Launched impl_1...
Run output will be captured here: C:/Users/junki/Downloads/SoundDisplay/SoundDisplay/SoundDisplay.runs/impl_1/runme.log
set_property incremental_checkpoint {} [get_runs impl_1]
