#-----------------------------------------------------------
# Vivado v2018.2 (64-bit)
# SW Build 2258646 on Thu Jun 14 20:03:12 MDT 2018
# IP Build 2256618 on Thu Jun 14 22:10:49 MDT 2018
# Start of session at: Wed Mar 30 12:49:59 2022
# Process ID: 15140
# Current directory: C:/Users/junki/AppData/Roaming/Xilinx/Vivado
# Command line: vivado.exe -gui_launcher_event rodinguilauncherevent15048
# Log file: C:/Users/junki/AppData/Roaming/Xilinx/Vivado/vivado.log
# Journal file: C:/Users/junki/AppData/Roaming/Xilinx/Vivado\vivado.jou
#-----------------------------------------------------------
start_gui
open_project {C:/Users/junki/Downloads/Telegram Desktop/S2_01_Braden Teo Wei Ren_Chan Keng Jit_Archive/SoundDisplay/SoundDisplay.xpr}
INFO: [ProjectBase 1-489] The host OS only allows 260 characters in a normal path. The project is stored in a path with more than 80 characters. If you experience issues with IP, Block Designs, or files not being found, please consider moving the project to a location with a shorter path. Alternately consider using the OS subst command to map part of the path to a drive letter.
Current project path is 'C:/Users/junki/Downloads/Telegram Desktop/S2_01_Braden Teo Wei Ren_Chan Keng Jit_Archive/SoundDisplay'
Scanning sources...
Finished scanning sources
INFO: [IP_Flow 19-234] Refreshing IP repositories
INFO: [IP_Flow 19-1704] No user IP repositories specified
INFO: [IP_Flow 19-2313] Loaded Vivado IP repository 'C:/Xilinx/Vivado/2018.2/data/ip'.
open_project: Time (s): cpu = 00:00:17 ; elapsed = 00:00:08 . Memory (MB): peak = 861.316 ; gain = 114.684
update_compile_order -fileset sources_1
open_hw
connect_hw_server
INFO: [Labtools 27-2285] Connecting to hw_server url TCP:localhost:3121
INFO: [Labtools 27-2222] Launching hw_server...
INFO: [Labtools 27-2221] Launch Output:

****** Xilinx hw_server v2018.2
  **** Build date : Jun 14 2018-20:42:52
    ** Copyright 1986-2018 Xilinx, Inc. All Rights Reserved.


disconnect_hw_server localhost:3121
connect_hw_server
INFO: [Labtools 27-2285] Connecting to hw_server url TCP:localhost:3121
disconnect_hw_server localhost:3121
connect_hw_server
INFO: [Labtools 27-2285] Connecting to hw_server url TCP:localhost:3121
open_hw_target
INFO: [Labtoolstcl 44-466] Opening hw_target localhost:3121/xilinx_tcf/Digilent/210183AA0CAEA
set_property PROGRAM.FILE {C:/Users/junki/Downloads/Telegram Desktop/S2_01_Braden Teo Wei Ren_Chan Keng Jit_Archive/SoundDisplay/SoundDisplay.runs/impl_1/Top_Student.bit} [get_hw_devices xc7a35t_0]
current_hw_device [get_hw_devices xc7a35t_0]
refresh_hw_device -update_hw_probes false [lindex [get_hw_devices xc7a35t_0] 0]
INFO: [Labtools 27-1434] Device xc7a35t (JTAG device index = 0) is programmed with a design that has no supported debug core(s) in it.
WARNING: [Labtools 27-3361] The debug hub core was not detected.
Resolution: 
1. Make sure the clock connected to the debug hub (dbg_hub) core is a free running clock and is active.
2. Make sure the BSCAN_SWITCH_USER_MASK device property in Vivado Hardware Manager reflects the user scan chain setting in the design and refresh the device.  To determine the user scan chain setting in the design, open the implemented design and use 'get_property C_USER_SCAN_CHAIN [get_debug_cores dbg_hub]'.
For more details on setting the scan chain property, consult the Vivado Debug and Programming User Guide (UG908).
set_property PROBES.FILE {} [get_hw_devices xc7a35t_0]
set_property FULL_PROBES.FILE {} [get_hw_devices xc7a35t_0]
set_property PROGRAM.FILE {C:/Users/junki/Downloads/Telegram Desktop/S2_01_Braden Teo Wei Ren_Chan Keng Jit_Archive/SoundDisplay/SoundDisplay.runs/impl_1/Top_Student.bit} [get_hw_devices xc7a35t_0]
program_hw_devices [get_hw_devices xc7a35t_0]
INFO: [Labtools 27-3164] End of startup status: HIGH
refresh_hw_device [lindex [get_hw_devices xc7a35t_0] 0]
INFO: [Labtools 27-1434] Device xc7a35t (JTAG device index = 0) is programmed with a design that has no supported debug core(s) in it.
WARNING: [Labtools 27-3361] The debug hub core was not detected.
Resolution: 
1. Make sure the clock connected to the debug hub (dbg_hub) core is a free running clock and is active.
2. Make sure the BSCAN_SWITCH_USER_MASK device property in Vivado Hardware Manager reflects the user scan chain setting in the design and refresh the device.  To determine the user scan chain setting in the design, open the implemented design and use 'get_property C_USER_SCAN_CHAIN [get_debug_cores dbg_hub]'.
For more details on setting the scan chain property, consult the Vivado Debug and Programming User Guide (UG908).
set_property PROBES.FILE {} [get_hw_devices xc7a35t_0]
set_property FULL_PROBES.FILE {} [get_hw_devices xc7a35t_0]
set_property PROGRAM.FILE {C:/Users/junki/Downloads/Telegram Desktop/S2_01_Braden Teo Wei Ren_Chan Keng Jit_Archive/SoundDisplay/SoundDisplay.runs/impl_1/Top_Student.bit} [get_hw_devices xc7a35t_0]
program_hw_devices [get_hw_devices xc7a35t_0]
INFO: [Labtools 27-3164] End of startup status: HIGH
refresh_hw_device [lindex [get_hw_devices xc7a35t_0] 0]
INFO: [Labtools 27-1434] Device xc7a35t (JTAG device index = 0) is programmed with a design that has no supported debug core(s) in it.
WARNING: [Labtools 27-3361] The debug hub core was not detected.
Resolution: 
1. Make sure the clock connected to the debug hub (dbg_hub) core is a free running clock and is active.
2. Make sure the BSCAN_SWITCH_USER_MASK device property in Vivado Hardware Manager reflects the user scan chain setting in the design and refresh the device.  To determine the user scan chain setting in the design, open the implemented design and use 'get_property C_USER_SCAN_CHAIN [get_debug_cores dbg_hub]'.
For more details on setting the scan chain property, consult the Vivado Debug and Programming User Guide (UG908).
ERROR: [Labtoolstcl 44-513] HW Target shutdown. Closing target: localhost:3121/xilinx_tcf/Digilent/210183AA0CAEA
disconnect_hw_server localhost:3121
connect_hw_server
INFO: [Labtools 27-2285] Connecting to hw_server url TCP:localhost:3121
open_hw_target
INFO: [Labtoolstcl 44-466] Opening hw_target localhost:3121/xilinx_tcf/Digilent/210183AA0CAEA
set_property PROGRAM.FILE {C:/Users/junki/Downloads/Telegram Desktop/S2_01_Braden Teo Wei Ren_Chan Keng Jit_Archive/SoundDisplay/SoundDisplay.runs/impl_1/Top_Student.bit} [get_hw_devices xc7a35t_0]
current_hw_device [get_hw_devices xc7a35t_0]
refresh_hw_device -update_hw_probes false [lindex [get_hw_devices xc7a35t_0] 0]
INFO: [Labtools 27-1434] Device xc7a35t (JTAG device index = 0) is programmed with a design that has no supported debug core(s) in it.
WARNING: [Labtools 27-3361] The debug hub core was not detected.
Resolution: 
1. Make sure the clock connected to the debug hub (dbg_hub) core is a free running clock and is active.
2. Make sure the BSCAN_SWITCH_USER_MASK device property in Vivado Hardware Manager reflects the user scan chain setting in the design and refresh the device.  To determine the user scan chain setting in the design, open the implemented design and use 'get_property C_USER_SCAN_CHAIN [get_debug_cores dbg_hub]'.
For more details on setting the scan chain property, consult the Vivado Debug and Programming User Guide (UG908).
set_property PROBES.FILE {} [get_hw_devices xc7a35t_0]
set_property FULL_PROBES.FILE {} [get_hw_devices xc7a35t_0]
set_property PROGRAM.FILE {C:/Users/junki/Downloads/Telegram Desktop/S2_01_Braden Teo Wei Ren_Chan Keng Jit_Archive/SoundDisplay/SoundDisplay.runs/impl_1/Top_Student.bit} [get_hw_devices xc7a35t_0]
program_hw_devices [get_hw_devices xc7a35t_0]
INFO: [Labtools 27-3164] End of startup status: HIGH
refresh_hw_device [lindex [get_hw_devices xc7a35t_0] 0]
INFO: [Labtools 27-1434] Device xc7a35t (JTAG device index = 0) is programmed with a design that has no supported debug core(s) in it.
WARNING: [Labtools 27-3361] The debug hub core was not detected.
Resolution: 
1. Make sure the clock connected to the debug hub (dbg_hub) core is a free running clock and is active.
2. Make sure the BSCAN_SWITCH_USER_MASK device property in Vivado Hardware Manager reflects the user scan chain setting in the design and refresh the device.  To determine the user scan chain setting in the design, open the implemented design and use 'get_property C_USER_SCAN_CHAIN [get_debug_cores dbg_hub]'.
For more details on setting the scan chain property, consult the Vivado Debug and Programming User Guide (UG908).
ERROR: [Labtoolstcl 44-513] HW Target shutdown. Closing target: localhost:3121/xilinx_tcf/Digilent/210183AA0CAEA
open_project C:/Users/junki/Downloads/SoundDisplay/SoundDisplay/SoundDisplay.xpr
Scanning sources...
Finished scanning sources
INFO: [IP_Flow 19-234] Refreshing IP repositories
INFO: [IP_Flow 19-1704] No user IP repositories specified
INFO: [IP_Flow 19-2313] Loaded Vivado IP repository 'C:/Xilinx/Vivado/2018.2/data/ip'.
open_project: Time (s): cpu = 00:00:13 ; elapsed = 00:00:08 . Memory (MB): peak = 1591.812 ; gain = 27.250
current_project SoundDisplay
close_project
update_compile_order -fileset sources_1
close_project
open_project {C:/Users/junki/Downloads/Telegram Desktop/incomplete_cockery.xpr/SoundDisplay/SoundDisplay.xpr}
Scanning sources...
Finished scanning sources
INFO: [IP_Flow 19-234] Refreshing IP repositories
INFO: [IP_Flow 19-1704] No user IP repositories specified
INFO: [IP_Flow 19-2313] Loaded Vivado IP repository 'C:/Xilinx/Vivado/2018.2/data/ip'.
update_compile_order -fileset sources_1
archive_project {C:/Users/junki/Downloads/Telegram Desktop/incomplete_cockery.xpr/SoundDisplay.xpr.zip} -temp_dir C:/Users/junki/AppData/Roaming/Xilinx/Vivado/.Xil/Vivado-15140-LAPTOP-LBPU650A -force -include_local_ip_cache -include_config_settings
INFO: [Coretcl 2-137] starting archive...
INFO: [Coretcl 2-1499] Saving project copy to temporary location 'C:/Users/junki/AppData/Roaming/Xilinx/Vivado/.Xil/Vivado-15140-LAPTOP-LBPU650A' for archiving project
Scanning sources...
Finished scanning sources
INFO: [Coretcl 2-1211] Creating project copy for archival...
INFO: [ProjectBase 1-495] The host OS only allows 260 characters in a normal path. The project is stored in a path with more than 80 characters. If you experience any problem with archiving the project, please consider setting environment variable $TEMP to a shorter path.
Current project path is 'C:/Users/junki/AppData/Roaming/Xilinx/Vivado/.Xil/Vivado-15140-LAPTOP-LBPU650A/PrjAr/_X_'.
INFO: [Coretcl 2-1213] Including run results for 'synth_1'
INFO: [Coretcl 2-1213] Including run results for 'impl_1'
INFO: [Coretcl 2-1212] Importing remotely added design sources and verilog include files (if any)...
INFO: [filemgmt 20-334] All file(s) are already imported in fileset: 'constrs_1'
INFO: [filemgmt 20-348] Importing the appropriate files for fileset: 'constrs_1'
INFO: [filemgmt 20-334] All file(s) are already imported in fileset: 'sim_1'
INFO: [filemgmt 20-348] Importing the appropriate files for fileset: 'sim_1'
INFO: [filemgmt 20-348] Importing the appropriate files for fileset: 'sources_1'
INFO: [Coretcl 2-1209] Adding archive summary file to the project...
INFO: [Coretcl 2-1214] Preparing project files for archive...
INFO: [Coretcl 2-1210] Compressing project files and data...
INFO: [Coretcl 2-1215] Project archived (C:/Users/junki/Downloads/Telegram Desktop/incomplete_cockery.xpr/SoundDisplay.xpr.zip)
INFO: [Coretcl 2-1216] To view the archive summary log in GUI, double click on 'Design Sources->Text->archive_project_summary.txt', or open this file from the archived project directory.
archive_project: Time (s): cpu = 00:00:03 ; elapsed = 00:00:08 . Memory (MB): peak = 1603.109 ; gain = 4.066
open_hw
connect_hw_server
INFO: [Labtools 27-2285] Connecting to hw_server url TCP:localhost:3121
INFO: [Labtools 27-2222] Launching hw_server...
INFO: [Labtools 27-2221] Launch Output:

****** Xilinx hw_server v2018.2
  **** Build date : Jun 14 2018-20:42:52
    ** Copyright 1986-2018 Xilinx, Inc. All Rights Reserved.


open_hw_target
INFO: [Labtoolstcl 44-466] Opening hw_target localhost:3121/xilinx_tcf/Digilent/210183AA0CAEA
set_property PROGRAM.FILE {C:/Users/junki/Downloads/Telegram Desktop/incomplete_cockery.xpr/SoundDisplay/SoundDisplay.runs/impl_1/Top_Student.bit} [get_hw_devices xc7a35t_0]
current_hw_device [get_hw_devices xc7a35t_0]
refresh_hw_device -update_hw_probes false [lindex [get_hw_devices xc7a35t_0] 0]
INFO: [Labtools 27-1434] Device xc7a35t (JTAG device index = 0) is programmed with a design that has no supported debug core(s) in it.
WARNING: [Labtools 27-3361] The debug hub core was not detected.
Resolution: 
1. Make sure the clock connected to the debug hub (dbg_hub) core is a free running clock and is active.
2. Make sure the BSCAN_SWITCH_USER_MASK device property in Vivado Hardware Manager reflects the user scan chain setting in the design and refresh the device.  To determine the user scan chain setting in the design, open the implemented design and use 'get_property C_USER_SCAN_CHAIN [get_debug_cores dbg_hub]'.
For more details on setting the scan chain property, consult the Vivado Debug and Programming User Guide (UG908).
set_property PROBES.FILE {} [get_hw_devices xc7a35t_0]
set_property FULL_PROBES.FILE {} [get_hw_devices xc7a35t_0]
set_property PROGRAM.FILE {C:/Users/junki/Downloads/Telegram Desktop/incomplete_cockery.xpr/SoundDisplay/SoundDisplay.runs/impl_1/Top_Student.bit} [get_hw_devices xc7a35t_0]
program_hw_devices [get_hw_devices xc7a35t_0]
INFO: [Labtools 27-3164] End of startup status: HIGH
refresh_hw_device [lindex [get_hw_devices xc7a35t_0] 0]
INFO: [Labtools 27-1434] Device xc7a35t (JTAG device index = 0) is programmed with a design that has no supported debug core(s) in it.
WARNING: [Labtools 27-3361] The debug hub core was not detected.
Resolution: 
1. Make sure the clock connected to the debug hub (dbg_hub) core is a free running clock and is active.
2. Make sure the BSCAN_SWITCH_USER_MASK device property in Vivado Hardware Manager reflects the user scan chain setting in the design and refresh the device.  To determine the user scan chain setting in the design, open the implemented design and use 'get_property C_USER_SCAN_CHAIN [get_debug_cores dbg_hub]'.
For more details on setting the scan chain property, consult the Vivado Debug and Programming User Guide (UG908).
ERROR: [Labtoolstcl 44-513] HW Target shutdown. Closing target: localhost:3121/xilinx_tcf/Digilent/210183AA0CAEA
INFO: [Labtoolstcl 44-466] Opening hw_target localhost:3121/xilinx_tcf/Digilent/210183AA0CAEA
INFO: [Labtools 27-1434] Device xc7a35t (JTAG device index = 0) is programmed with a design that has no supported debug core(s) in it.
WARNING: [Labtools 27-3361] The debug hub core was not detected.
Resolution: 
1. Make sure the clock connected to the debug hub (dbg_hub) core is a free running clock and is active.
2. Make sure the BSCAN_SWITCH_USER_MASK device property in Vivado Hardware Manager reflects the user scan chain setting in the design and refresh the device.  To determine the user scan chain setting in the design, open the implemented design and use 'get_property C_USER_SCAN_CHAIN [get_debug_cores dbg_hub]'.
For more details on setting the scan chain property, consult the Vivado Debug and Programming User Guide (UG908).
WARNING: [Labtoolstcl 44-129] No matching hw_ila_data was found.
ERROR: [Labtoolstcl 44-513] HW Target shutdown. Closing target: localhost:3121/xilinx_tcf/Digilent/210183AA0CAEA
INFO: [Labtoolstcl 44-466] Opening hw_target localhost:3121/xilinx_tcf/Digilent/210183AA0CAEA
INFO: [Labtools 27-1434] Device xc7a35t (JTAG device index = 0) is programmed with a design that has no supported debug core(s) in it.
WARNING: [Labtools 27-3361] The debug hub core was not detected.
Resolution: 
1. Make sure the clock connected to the debug hub (dbg_hub) core is a free running clock and is active.
2. Make sure the BSCAN_SWITCH_USER_MASK device property in Vivado Hardware Manager reflects the user scan chain setting in the design and refresh the device.  To determine the user scan chain setting in the design, open the implemented design and use 'get_property C_USER_SCAN_CHAIN [get_debug_cores dbg_hub]'.
For more details on setting the scan chain property, consult the Vivado Debug and Programming User Guide (UG908).
WARNING: [Labtoolstcl 44-129] No matching hw_ila_data was found.
reset_run impl_1 -prev_step 
launch_runs impl_1 -to_step write_bitstream -jobs 4
[Sat Apr  2 23:17:17 2022] Launched impl_1...
Run output will be captured here: C:/Users/junki/Downloads/Telegram Desktop/incomplete_cockery.xpr/SoundDisplay/SoundDisplay.runs/impl_1/runme.log
update_compile_order -fileset sources_1
set_property PROBES.FILE {} [get_hw_devices xc7a35t_0]
set_property FULL_PROBES.FILE {} [get_hw_devices xc7a35t_0]
set_property PROGRAM.FILE {C:/Users/junki/Downloads/Telegram Desktop/incomplete_cockery.xpr/SoundDisplay/SoundDisplay.runs/impl_1/Top_Student.bit} [get_hw_devices xc7a35t_0]
program_hw_devices [get_hw_devices xc7a35t_0]
INFO: [Labtools 27-3164] End of startup status: HIGH
refresh_hw_device [lindex [get_hw_devices xc7a35t_0] 0]
INFO: [Labtools 27-1434] Device xc7a35t (JTAG device index = 0) is programmed with a design that has no supported debug core(s) in it.
WARNING: [Labtools 27-3361] The debug hub core was not detected.
Resolution: 
1. Make sure the clock connected to the debug hub (dbg_hub) core is a free running clock and is active.
2. Make sure the BSCAN_SWITCH_USER_MASK device property in Vivado Hardware Manager reflects the user scan chain setting in the design and refresh the device.  To determine the user scan chain setting in the design, open the implemented design and use 'get_property C_USER_SCAN_CHAIN [get_debug_cores dbg_hub]'.
For more details on setting the scan chain property, consult the Vivado Debug and Programming User Guide (UG908).
reset_run synth_1
launch_runs impl_1 -to_step write_bitstream -jobs 4
[Sat Apr  2 23:24:06 2022] Launched synth_1...
Run output will be captured here: C:/Users/junki/Downloads/Telegram Desktop/incomplete_cockery.xpr/SoundDisplay/SoundDisplay.runs/synth_1/runme.log
[Sat Apr  2 23:24:06 2022] Launched impl_1...
Run output will be captured here: C:/Users/junki/Downloads/Telegram Desktop/incomplete_cockery.xpr/SoundDisplay/SoundDisplay.runs/impl_1/runme.log
set_property PROBES.FILE {} [get_hw_devices xc7a35t_0]
set_property FULL_PROBES.FILE {} [get_hw_devices xc7a35t_0]
set_property PROGRAM.FILE {C:/Users/junki/Downloads/Telegram Desktop/incomplete_cockery.xpr/SoundDisplay/SoundDisplay.runs/impl_1/Top_Student.bit} [get_hw_devices xc7a35t_0]
program_hw_devices [get_hw_devices xc7a35t_0]
INFO: [Labtools 27-3164] End of startup status: HIGH
refresh_hw_device [lindex [get_hw_devices xc7a35t_0] 0]
INFO: [Labtools 27-1434] Device xc7a35t (JTAG device index = 0) is programmed with a design that has no supported debug core(s) in it.
WARNING: [Labtools 27-3361] The debug hub core was not detected.
Resolution: 
1. Make sure the clock connected to the debug hub (dbg_hub) core is a free running clock and is active.
2. Make sure the BSCAN_SWITCH_USER_MASK device property in Vivado Hardware Manager reflects the user scan chain setting in the design and refresh the device.  To determine the user scan chain setting in the design, open the implemented design and use 'get_property C_USER_SCAN_CHAIN [get_debug_cores dbg_hub]'.
For more details on setting the scan chain property, consult the Vivado Debug and Programming User Guide (UG908).
ERROR: [Labtoolstcl 44-513] HW Target shutdown. Closing target: localhost:3121/xilinx_tcf/Digilent/210183AA0CAEA
INFO: [Labtoolstcl 44-466] Opening hw_target localhost:3121/xilinx_tcf/Digilent/210183AA0CAEA
INFO: [Labtools 27-1434] Device xc7a35t (JTAG device index = 0) is programmed with a design that has no supported debug core(s) in it.
WARNING: [Labtools 27-3361] The debug hub core was not detected.
Resolution: 
1. Make sure the clock connected to the debug hub (dbg_hub) core is a free running clock and is active.
2. Make sure the BSCAN_SWITCH_USER_MASK device property in Vivado Hardware Manager reflects the user scan chain setting in the design and refresh the device.  To determine the user scan chain setting in the design, open the implemented design and use 'get_property C_USER_SCAN_CHAIN [get_debug_cores dbg_hub]'.
For more details on setting the scan chain property, consult the Vivado Debug and Programming User Guide (UG908).
WARNING: [Labtoolstcl 44-129] No matching hw_ila_data was found.
ERROR: [Labtoolstcl 44-513] HW Target shutdown. Closing target: localhost:3121/xilinx_tcf/Digilent/210183AA0CAEA
INFO: [Labtoolstcl 44-466] Opening hw_target localhost:3121/xilinx_tcf/Digilent/210183AA0CAEA
INFO: [Labtools 27-1434] Device xc7a35t (JTAG device index = 0) is programmed with a design that has no supported debug core(s) in it.
WARNING: [Labtools 27-3361] The debug hub core was not detected.
Resolution: 
1. Make sure the clock connected to the debug hub (dbg_hub) core is a free running clock and is active.
2. Make sure the BSCAN_SWITCH_USER_MASK device property in Vivado Hardware Manager reflects the user scan chain setting in the design and refresh the device.  To determine the user scan chain setting in the design, open the implemented design and use 'get_property C_USER_SCAN_CHAIN [get_debug_cores dbg_hub]'.
For more details on setting the scan chain property, consult the Vivado Debug and Programming User Guide (UG908).
WARNING: [Labtoolstcl 44-129] No matching hw_ila_data was found.
ERROR: [Labtoolstcl 44-513] HW Target shutdown. Closing target: localhost:3121/xilinx_tcf/Digilent/210183AA0CAEA
disconnect_hw_server localhost:3121
connect_hw_server
INFO: [Labtools 27-2285] Connecting to hw_server url TCP:localhost:3121
ERROR: [Labtoolstcl 44-494] There is no active target available for server at localhost.
 Targets(s) ", jsn-Basys3-210183AA0CAEA" may be locked by another hw_server.
disconnect_hw_server localhost:3121
connect_hw_server
INFO: [Labtools 27-2285] Connecting to hw_server url TCP:localhost:3121
open_hw_target
INFO: [Labtoolstcl 44-466] Opening hw_target localhost:3121/xilinx_tcf/Digilent/210183AA0CAEA
set_property PROGRAM.FILE {C:/Users/junki/Downloads/Telegram Desktop/incomplete_cockery.xpr/SoundDisplay/SoundDisplay.runs/impl_1/Top_Student.bit} [get_hw_devices xc7a35t_0]
current_hw_device [get_hw_devices xc7a35t_0]
refresh_hw_device -update_hw_probes false [lindex [get_hw_devices xc7a35t_0] 0]
INFO: [Labtools 27-1434] Device xc7a35t (JTAG device index = 0) is programmed with a design that has no supported debug core(s) in it.
WARNING: [Labtools 27-3361] The debug hub core was not detected.
Resolution: 
1. Make sure the clock connected to the debug hub (dbg_hub) core is a free running clock and is active.
2. Make sure the BSCAN_SWITCH_USER_MASK device property in Vivado Hardware Manager reflects the user scan chain setting in the design and refresh the device.  To determine the user scan chain setting in the design, open the implemented design and use 'get_property C_USER_SCAN_CHAIN [get_debug_cores dbg_hub]'.
For more details on setting the scan chain property, consult the Vivado Debug and Programming User Guide (UG908).
set_property PROBES.FILE {} [get_hw_devices xc7a35t_0]
set_property FULL_PROBES.FILE {} [get_hw_devices xc7a35t_0]
set_property PROGRAM.FILE {C:/Users/junki/Downloads/Telegram Desktop/incomplete_cockery.xpr/SoundDisplay/SoundDisplay.runs/impl_1/Top_Student.bit} [get_hw_devices xc7a35t_0]
program_hw_devices [get_hw_devices xc7a35t_0]
INFO: [Labtools 27-3164] End of startup status: HIGH
refresh_hw_device [lindex [get_hw_devices xc7a35t_0] 0]
INFO: [Labtools 27-1434] Device xc7a35t (JTAG device index = 0) is programmed with a design that has no supported debug core(s) in it.
WARNING: [Labtools 27-3361] The debug hub core was not detected.
Resolution: 
1. Make sure the clock connected to the debug hub (dbg_hub) core is a free running clock and is active.
2. Make sure the BSCAN_SWITCH_USER_MASK device property in Vivado Hardware Manager reflects the user scan chain setting in the design and refresh the device.  To determine the user scan chain setting in the design, open the implemented design and use 'get_property C_USER_SCAN_CHAIN [get_debug_cores dbg_hub]'.
For more details on setting the scan chain property, consult the Vivado Debug and Programming User Guide (UG908).
reset_run impl_1 -prev_step 
launch_runs impl_1 -to_step write_bitstream -jobs 4
[Sun Apr  3 16:48:23 2022] Launched impl_1...
Run output will be captured here: C:/Users/junki/Downloads/Telegram Desktop/incomplete_cockery.xpr/SoundDisplay/SoundDisplay.runs/impl_1/runme.log
set_property PROBES.FILE {} [get_hw_devices xc7a35t_0]
set_property FULL_PROBES.FILE {} [get_hw_devices xc7a35t_0]
set_property PROGRAM.FILE {C:/Users/junki/Downloads/Telegram Desktop/incomplete_cockery.xpr/SoundDisplay/SoundDisplay.runs/impl_1/Top_Student.bit} [get_hw_devices xc7a35t_0]
program_hw_devices [get_hw_devices xc7a35t_0]
INFO: [Labtools 27-3164] End of startup status: HIGH
refresh_hw_device [lindex [get_hw_devices xc7a35t_0] 0]
INFO: [Labtools 27-1434] Device xc7a35t (JTAG device index = 0) is programmed with a design that has no supported debug core(s) in it.
WARNING: [Labtools 27-3361] The debug hub core was not detected.
Resolution: 
1. Make sure the clock connected to the debug hub (dbg_hub) core is a free running clock and is active.
2. Make sure the BSCAN_SWITCH_USER_MASK device property in Vivado Hardware Manager reflects the user scan chain setting in the design and refresh the device.  To determine the user scan chain setting in the design, open the implemented design and use 'get_property C_USER_SCAN_CHAIN [get_debug_cores dbg_hub]'.
For more details on setting the scan chain property, consult the Vivado Debug and Programming User Guide (UG908).
reset_run synth_1
launch_runs impl_1 -to_step write_bitstream -jobs 4
[Sun Apr  3 16:50:47 2022] Launched synth_1...
Run output will be captured here: C:/Users/junki/Downloads/Telegram Desktop/incomplete_cockery.xpr/SoundDisplay/SoundDisplay.runs/synth_1/runme.log
[Sun Apr  3 16:50:47 2022] Launched impl_1...
Run output will be captured here: C:/Users/junki/Downloads/Telegram Desktop/incomplete_cockery.xpr/SoundDisplay/SoundDisplay.runs/impl_1/runme.log
set_property PROBES.FILE {} [get_hw_devices xc7a35t_0]
set_property FULL_PROBES.FILE {} [get_hw_devices xc7a35t_0]
set_property PROGRAM.FILE {C:/Users/junki/Downloads/Telegram Desktop/incomplete_cockery.xpr/SoundDisplay/SoundDisplay.runs/impl_1/Top_Student.bit} [get_hw_devices xc7a35t_0]
program_hw_devices [get_hw_devices xc7a35t_0]
INFO: [Labtools 27-3164] End of startup status: HIGH
refresh_hw_device [lindex [get_hw_devices xc7a35t_0] 0]
INFO: [Labtools 27-1434] Device xc7a35t (JTAG device index = 0) is programmed with a design that has no supported debug core(s) in it.
WARNING: [Labtools 27-3361] The debug hub core was not detected.
Resolution: 
1. Make sure the clock connected to the debug hub (dbg_hub) core is a free running clock and is active.
2. Make sure the BSCAN_SWITCH_USER_MASK device property in Vivado Hardware Manager reflects the user scan chain setting in the design and refresh the device.  To determine the user scan chain setting in the design, open the implemented design and use 'get_property C_USER_SCAN_CHAIN [get_debug_cores dbg_hub]'.
For more details on setting the scan chain property, consult the Vivado Debug and Programming User Guide (UG908).
create_ip -name xfft -vendor xilinx.com -library ip -version 9.1 -module_name xfft_0 -dir {c:/Users/junki/Downloads/Telegram Desktop/incomplete_cockery.xpr/SoundDisplay/SoundDisplay.srcs/sources_1/ip}
set_property -dict [list CONFIG.target_clock_frequency {100} CONFIG.target_data_throughput {6} CONFIG.input_width {13} CONFIG.scaling_options {unscaled} CONFIG.aresetn {true} CONFIG.output_ordering {natural_order} CONFIG.number_of_stages_using_block_ram_for_data_and_phase_factors {0}] [get_ips xfft_0]
generate_target {instantiation_template} [get_files {{c:/Users/junki/Downloads/Telegram Desktop/incomplete_cockery.xpr/SoundDisplay/SoundDisplay.srcs/sources_1/ip/xfft_0/xfft_0.xci}}]
INFO: [IP_Flow 19-1686] Generating 'Instantiation Template' target for IP 'xfft_0'...
update_compile_order -fileset sources_1
generate_target all [get_files  {{c:/Users/junki/Downloads/Telegram Desktop/incomplete_cockery.xpr/SoundDisplay/SoundDisplay.srcs/sources_1/ip/xfft_0/xfft_0.xci}}]
INFO: [IP_Flow 19-1686] Generating 'Synthesis' target for IP 'xfft_0'...
INFO: [IP_Flow 19-1686] Generating 'Simulation' target for IP 'xfft_0'...
INFO: [IP_Flow 19-1686] Generating 'C Simulation' target for IP 'xfft_0'...
INFO: [IP_Flow 19-1686] Generating 'Test Bench' target for IP 'xfft_0'...
INFO: [IP_Flow 19-1686] Generating 'Change Log' target for IP 'xfft_0'...
catch { config_ip_cache -export [get_ips -all xfft_0] }
export_ip_user_files -of_objects [get_files {{c:/Users/junki/Downloads/Telegram Desktop/incomplete_cockery.xpr/SoundDisplay/SoundDisplay.srcs/sources_1/ip/xfft_0/xfft_0.xci}}] -no_script -sync -force -quiet
create_ip_run [get_files -of_objects [get_fileset sources_1] {{c:/Users/junki/Downloads/Telegram Desktop/incomplete_cockery.xpr/SoundDisplay/SoundDisplay.srcs/sources_1/ip/xfft_0/xfft_0.xci}}]
launch_runs -jobs 4 xfft_0_synth_1
[Sun Apr  3 17:08:51 2022] Launched xfft_0_synth_1...
Run output will be captured here: C:/Users/junki/Downloads/Telegram Desktop/incomplete_cockery.xpr/SoundDisplay/SoundDisplay.runs/xfft_0_synth_1/runme.log
export_simulation -of_objects [get_files {{c:/Users/junki/Downloads/Telegram Desktop/incomplete_cockery.xpr/SoundDisplay/SoundDisplay.srcs/sources_1/ip/xfft_0/xfft_0.xci}}] -directory {C:/Users/junki/Downloads/Telegram Desktop/incomplete_cockery.xpr/SoundDisplay/SoundDisplay.ip_user_files/sim_scripts} -ip_user_files_dir {C:/Users/junki/Downloads/Telegram Desktop/incomplete_cockery.xpr/SoundDisplay/SoundDisplay.ip_user_files} -ipstatic_source_dir {C:/Users/junki/Downloads/Telegram Desktop/incomplete_cockery.xpr/SoundDisplay/SoundDisplay.ip_user_files/ipstatic} -lib_map_path [list {modelsim=C:/Users/junki/Downloads/Telegram Desktop/incomplete_cockery.xpr/SoundDisplay/SoundDisplay.cache/compile_simlib/modelsim} {questa=C:/Users/junki/Downloads/Telegram Desktop/incomplete_cockery.xpr/SoundDisplay/SoundDisplay.cache/compile_simlib/questa} {riviera=C:/Users/junki/Downloads/Telegram Desktop/incomplete_cockery.xpr/SoundDisplay/SoundDisplay.cache/compile_simlib/riviera} {activehdl=C:/Users/junki/Downloads/Telegram Desktop/incomplete_cockery.xpr/SoundDisplay/SoundDisplay.cache/compile_simlib/activehdl}] -use_ip_compiled_libs -force -quiet
INFO: [Device 21-403] Loading part xc7a35tcpg236-1
WARNING: [IP_Flow 19-4067] Ignoring invalid widget type specified checkbox.Providing a default widget
WARNING: [IP_Flow 19-4067] Ignoring invalid widget type specified checkbox.Providing a default widget
create_ip -name blk_mem_gen -vendor xilinx.com -library ip -version 8.4 -module_name bram_4_fft -dir {c:/Users/junki/Downloads/Telegram Desktop/incomplete_cockery.xpr/SoundDisplay/SoundDisplay.srcs/sources_1/ip}
set_property -dict [list CONFIG.Component_Name {bram_4_fft} CONFIG.Memory_Type {Simple_Dual_Port_RAM} CONFIG.Assume_Synchronous_Clk {true} CONFIG.Write_Width_A {13} CONFIG.Write_Depth_A {1024} CONFIG.Read_Width_A {13} CONFIG.Operating_Mode_A {NO_CHANGE} CONFIG.Enable_A {Always_Enabled} CONFIG.Write_Width_B {13} CONFIG.Read_Width_B {13} CONFIG.Operating_Mode_B {READ_FIRST} CONFIG.Enable_B {Always_Enabled} CONFIG.Register_PortA_Output_of_Memory_Primitives {false} CONFIG.Register_PortB_Output_of_Memory_Primitives {false} CONFIG.Port_B_Clock {100} CONFIG.Port_B_Write_Rate {0} CONFIG.Port_B_Enable_Rate {100}] [get_ips bram_4_fft]
WARNING: [Vivado 12-3523] Attempt to change 'Component_Name' from 'bram_4_fft' to 'bram_4_fft' is not allowed and is ignored.
generate_target {instantiation_template} [get_files {{c:/Users/junki/Downloads/Telegram Desktop/incomplete_cockery.xpr/SoundDisplay/SoundDisplay.srcs/sources_1/ip/bram_4_fft/bram_4_fft.xci}}]
INFO: [IP_Flow 19-1686] Generating 'Instantiation Template' target for IP 'bram_4_fft'...
generate_target all [get_files  {{c:/Users/junki/Downloads/Telegram Desktop/incomplete_cockery.xpr/SoundDisplay/SoundDisplay.srcs/sources_1/ip/bram_4_fft/bram_4_fft.xci}}]
INFO: [IP_Flow 19-1686] Generating 'Synthesis' target for IP 'bram_4_fft'...
INFO: [IP_Flow 19-1686] Generating 'Simulation' target for IP 'bram_4_fft'...
INFO: [IP_Flow 19-1686] Generating 'Miscellaneous' target for IP 'bram_4_fft'...
INFO: [IP_Flow 19-1686] Generating 'Change Log' target for IP 'bram_4_fft'...
catch { config_ip_cache -export [get_ips -all bram_4_fft] }
export_ip_user_files -of_objects [get_files {{c:/Users/junki/Downloads/Telegram Desktop/incomplete_cockery.xpr/SoundDisplay/SoundDisplay.srcs/sources_1/ip/bram_4_fft/bram_4_fft.xci}}] -no_script -sync -force -quiet
create_ip_run [get_files -of_objects [get_fileset sources_1] {{c:/Users/junki/Downloads/Telegram Desktop/incomplete_cockery.xpr/SoundDisplay/SoundDisplay.srcs/sources_1/ip/bram_4_fft/bram_4_fft.xci}}]
launch_runs -jobs 4 bram_4_fft_synth_1
[Sun Apr  3 17:12:36 2022] Launched bram_4_fft_synth_1...
Run output will be captured here: C:/Users/junki/Downloads/Telegram Desktop/incomplete_cockery.xpr/SoundDisplay/SoundDisplay.runs/bram_4_fft_synth_1/runme.log
export_simulation -of_objects [get_files {{c:/Users/junki/Downloads/Telegram Desktop/incomplete_cockery.xpr/SoundDisplay/SoundDisplay.srcs/sources_1/ip/bram_4_fft/bram_4_fft.xci}}] -directory {C:/Users/junki/Downloads/Telegram Desktop/incomplete_cockery.xpr/SoundDisplay/SoundDisplay.ip_user_files/sim_scripts} -ip_user_files_dir {C:/Users/junki/Downloads/Telegram Desktop/incomplete_cockery.xpr/SoundDisplay/SoundDisplay.ip_user_files} -ipstatic_source_dir {C:/Users/junki/Downloads/Telegram Desktop/incomplete_cockery.xpr/SoundDisplay/SoundDisplay.ip_user_files/ipstatic} -lib_map_path [list {modelsim=C:/Users/junki/Downloads/Telegram Desktop/incomplete_cockery.xpr/SoundDisplay/SoundDisplay.cache/compile_simlib/modelsim} {questa=C:/Users/junki/Downloads/Telegram Desktop/incomplete_cockery.xpr/SoundDisplay/SoundDisplay.cache/compile_simlib/questa} {riviera=C:/Users/junki/Downloads/Telegram Desktop/incomplete_cockery.xpr/SoundDisplay/SoundDisplay.cache/compile_simlib/riviera} {activehdl=C:/Users/junki/Downloads/Telegram Desktop/incomplete_cockery.xpr/SoundDisplay/SoundDisplay.cache/compile_simlib/activehdl}] -use_ip_compiled_libs -force -quiet
reset_run synth_1
launch_runs impl_1 -to_step write_bitstream -jobs 4
[Sun Apr  3 17:35:34 2022] Launched synth_1...
Run output will be captured here: C:/Users/junki/Downloads/Telegram Desktop/incomplete_cockery.xpr/SoundDisplay/SoundDisplay.runs/synth_1/runme.log
[Sun Apr  3 17:35:34 2022] Launched impl_1...
Run output will be captured here: C:/Users/junki/Downloads/Telegram Desktop/incomplete_cockery.xpr/SoundDisplay/SoundDisplay.runs/impl_1/runme.log
update_compile_order -fileset sources_1
reset_run synth_1
launch_runs impl_1 -to_step write_bitstream -jobs 4
[Sun Apr  3 17:36:59 2022] Launched synth_1...
Run output will be captured here: C:/Users/junki/Downloads/Telegram Desktop/incomplete_cockery.xpr/SoundDisplay/SoundDisplay.runs/synth_1/runme.log
[Sun Apr  3 17:36:59 2022] Launched impl_1...
Run output will be captured here: C:/Users/junki/Downloads/Telegram Desktop/incomplete_cockery.xpr/SoundDisplay/SoundDisplay.runs/impl_1/runme.log
reset_run synth_1
launch_runs impl_1 -to_step write_bitstream -jobs 4
[Sun Apr  3 17:37:52 2022] Launched synth_1...
Run output will be captured here: C:/Users/junki/Downloads/Telegram Desktop/incomplete_cockery.xpr/SoundDisplay/SoundDisplay.runs/synth_1/runme.log
[Sun Apr  3 17:37:52 2022] Launched impl_1...
Run output will be captured here: C:/Users/junki/Downloads/Telegram Desktop/incomplete_cockery.xpr/SoundDisplay/SoundDisplay.runs/impl_1/runme.log
set_property PROBES.FILE {} [get_hw_devices xc7a35t_0]
set_property FULL_PROBES.FILE {} [get_hw_devices xc7a35t_0]
set_property PROGRAM.FILE {C:/Users/junki/Downloads/Telegram Desktop/incomplete_cockery.xpr/SoundDisplay/SoundDisplay.runs/impl_1/Top_Student.bit} [get_hw_devices xc7a35t_0]
program_hw_devices [get_hw_devices xc7a35t_0]
INFO: [Labtools 27-3164] End of startup status: HIGH
refresh_hw_device [lindex [get_hw_devices xc7a35t_0] 0]
INFO: [Labtools 27-1434] Device xc7a35t (JTAG device index = 0) is programmed with a design that has no supported debug core(s) in it.
WARNING: [Labtools 27-3361] The debug hub core was not detected.
Resolution: 
1. Make sure the clock connected to the debug hub (dbg_hub) core is a free running clock and is active.
2. Make sure the BSCAN_SWITCH_USER_MASK device property in Vivado Hardware Manager reflects the user scan chain setting in the design and refresh the device.  To determine the user scan chain setting in the design, open the implemented design and use 'get_property C_USER_SCAN_CHAIN [get_debug_cores dbg_hub]'.
For more details on setting the scan chain property, consult the Vivado Debug and Programming User Guide (UG908).
reset_run impl_1 -prev_step 
launch_runs impl_1 -to_step write_bitstream -jobs 4
[Sun Apr  3 17:42:07 2022] Launched impl_1...
Run output will be captured here: C:/Users/junki/Downloads/Telegram Desktop/incomplete_cockery.xpr/SoundDisplay/SoundDisplay.runs/impl_1/runme.log
reset_run synth_1
WARNING: [Vivado 12-1017] Problems encountered:
1. PID not specified
2. Failed to delete one or more files in run directory C:/Users/junki/Downloads/Telegram Desktop/incomplete_cockery.xpr/SoundDisplay/SoundDisplay.runs/synth_1

launch_runs impl_1 -to_step write_bitstream -jobs 4
[Sun Apr  3 17:42:10 2022] Launched synth_1...
Run output will be captured here: C:/Users/junki/Downloads/Telegram Desktop/incomplete_cockery.xpr/SoundDisplay/SoundDisplay.runs/synth_1/runme.log
[Sun Apr  3 17:42:10 2022] Launched impl_1...
Run output will be captured here: C:/Users/junki/Downloads/Telegram Desktop/incomplete_cockery.xpr/SoundDisplay/SoundDisplay.runs/impl_1/runme.log
reset_run impl_1 -prev_step 
launch_runs impl_1 -to_step write_bitstream -jobs 4
[Sun Apr  3 17:44:16 2022] Launched impl_1...
Run output will be captured here: C:/Users/junki/Downloads/Telegram Desktop/incomplete_cockery.xpr/SoundDisplay/SoundDisplay.runs/impl_1/runme.log
reset_run impl_1 -prev_step 
launch_runs impl_1 -to_step write_bitstream -jobs 4
[Sun Apr  3 17:48:46 2022] Launched impl_1...
Run output will be captured here: C:/Users/junki/Downloads/Telegram Desktop/incomplete_cockery.xpr/SoundDisplay/SoundDisplay.runs/impl_1/runme.log
reset_run synth_1
launch_runs impl_1 -to_step write_bitstream -jobs 4
[Sun Apr  3 17:49:46 2022] Launched synth_1...
Run output will be captured here: C:/Users/junki/Downloads/Telegram Desktop/incomplete_cockery.xpr/SoundDisplay/SoundDisplay.runs/synth_1/runme.log
[Sun Apr  3 17:49:46 2022] Launched impl_1...
Run output will be captured here: C:/Users/junki/Downloads/Telegram Desktop/incomplete_cockery.xpr/SoundDisplay/SoundDisplay.runs/impl_1/runme.log
set_property PROBES.FILE {} [get_hw_devices xc7a35t_0]
set_property FULL_PROBES.FILE {} [get_hw_devices xc7a35t_0]
set_property PROGRAM.FILE {C:/Users/junki/Downloads/Telegram Desktop/incomplete_cockery.xpr/SoundDisplay/SoundDisplay.runs/impl_1/Top_Student.bit} [get_hw_devices xc7a35t_0]
program_hw_devices [get_hw_devices xc7a35t_0]
INFO: [Labtools 27-3164] End of startup status: HIGH
refresh_hw_device [lindex [get_hw_devices xc7a35t_0] 0]
INFO: [Labtools 27-1434] Device xc7a35t (JTAG device index = 0) is programmed with a design that has no supported debug core(s) in it.
WARNING: [Labtools 27-3361] The debug hub core was not detected.
Resolution: 
1. Make sure the clock connected to the debug hub (dbg_hub) core is a free running clock and is active.
2. Make sure the BSCAN_SWITCH_USER_MASK device property in Vivado Hardware Manager reflects the user scan chain setting in the design and refresh the device.  To determine the user scan chain setting in the design, open the implemented design and use 'get_property C_USER_SCAN_CHAIN [get_debug_cores dbg_hub]'.
For more details on setting the scan chain property, consult the Vivado Debug and Programming User Guide (UG908).
close [ open {C:/Users/junki/Downloads/Telegram Desktop/incomplete_cockery.xpr/SoundDisplay/SoundDisplay.srcs/sources_1/new/fast_fourier_transform.v} w ]
add_files {{C:/Users/junki/Downloads/Telegram Desktop/incomplete_cockery.xpr/SoundDisplay/SoundDisplay.srcs/sources_1/new/fast_fourier_transform.v}}
update_compile_order -fileset sources_1
close [ open {C:/Users/junki/Downloads/Telegram Desktop/incomplete_cockery.xpr/SoundDisplay/SoundDisplay.srcs/sources_1/new/freq_to_graph.v} w ]
add_files {{C:/Users/junki/Downloads/Telegram Desktop/incomplete_cockery.xpr/SoundDisplay/SoundDisplay.srcs/sources_1/new/freq_to_graph.v}}
update_compile_order -fileset sources_1
reset_run synth_1
launch_runs impl_1 -to_step write_bitstream -jobs 4
[Sun Apr  3 19:11:04 2022] Launched synth_1...
Run output will be captured here: C:/Users/junki/Downloads/Telegram Desktop/incomplete_cockery.xpr/SoundDisplay/SoundDisplay.runs/synth_1/runme.log
[Sun Apr  3 19:11:04 2022] Launched impl_1...
Run output will be captured here: C:/Users/junki/Downloads/Telegram Desktop/incomplete_cockery.xpr/SoundDisplay/SoundDisplay.runs/impl_1/runme.log
update_compile_order -fileset sources_1
reset_run synth_1
launch_runs impl_1 -to_step write_bitstream -jobs 4
[Sun Apr  3 19:11:53 2022] Launched synth_1...
Run output will be captured here: C:/Users/junki/Downloads/Telegram Desktop/incomplete_cockery.xpr/SoundDisplay/SoundDisplay.runs/synth_1/runme.log
[Sun Apr  3 19:11:53 2022] Launched impl_1...
Run output will be captured here: C:/Users/junki/Downloads/Telegram Desktop/incomplete_cockery.xpr/SoundDisplay/SoundDisplay.runs/impl_1/runme.log
reset_run synth_1
launch_runs impl_1 -to_step write_bitstream -jobs 4
[Sun Apr  3 19:12:16 2022] Launched synth_1...
Run output will be captured here: C:/Users/junki/Downloads/Telegram Desktop/incomplete_cockery.xpr/SoundDisplay/SoundDisplay.runs/synth_1/runme.log
[Sun Apr  3 19:12:16 2022] Launched impl_1...
Run output will be captured here: C:/Users/junki/Downloads/Telegram Desktop/incomplete_cockery.xpr/SoundDisplay/SoundDisplay.runs/impl_1/runme.log
reset_run synth_1
launch_runs impl_1 -to_step write_bitstream -jobs 4
[Sun Apr  3 19:13:11 2022] Launched synth_1...
Run output will be captured here: C:/Users/junki/Downloads/Telegram Desktop/incomplete_cockery.xpr/SoundDisplay/SoundDisplay.runs/synth_1/runme.log
[Sun Apr  3 19:13:11 2022] Launched impl_1...
Run output will be captured here: C:/Users/junki/Downloads/Telegram Desktop/incomplete_cockery.xpr/SoundDisplay/SoundDisplay.runs/impl_1/runme.log
reset_run synth_1
launch_runs impl_1 -to_step write_bitstream -jobs 4
[Sun Apr  3 19:13:53 2022] Launched synth_1...
Run output will be captured here: C:/Users/junki/Downloads/Telegram Desktop/incomplete_cockery.xpr/SoundDisplay/SoundDisplay.runs/synth_1/runme.log
[Sun Apr  3 19:13:53 2022] Launched impl_1...
Run output will be captured here: C:/Users/junki/Downloads/Telegram Desktop/incomplete_cockery.xpr/SoundDisplay/SoundDisplay.runs/impl_1/runme.log
set_property PROBES.FILE {} [get_hw_devices xc7a35t_0]
set_property FULL_PROBES.FILE {} [get_hw_devices xc7a35t_0]
set_property PROGRAM.FILE {C:/Users/junki/Downloads/Telegram Desktop/incomplete_cockery.xpr/SoundDisplay/SoundDisplay.runs/impl_1/Top_Student.bit} [get_hw_devices xc7a35t_0]
program_hw_devices [get_hw_devices xc7a35t_0]
INFO: [Labtools 27-3164] End of startup status: HIGH
refresh_hw_device [lindex [get_hw_devices xc7a35t_0] 0]
INFO: [Labtools 27-1434] Device xc7a35t (JTAG device index = 0) is programmed with a design that has no supported debug core(s) in it.
WARNING: [Labtools 27-3361] The debug hub core was not detected.
Resolution: 
1. Make sure the clock connected to the debug hub (dbg_hub) core is a free running clock and is active.
2. Make sure the BSCAN_SWITCH_USER_MASK device property in Vivado Hardware Manager reflects the user scan chain setting in the design and refresh the device.  To determine the user scan chain setting in the design, open the implemented design and use 'get_property C_USER_SCAN_CHAIN [get_debug_cores dbg_hub]'.
For more details on setting the scan chain property, consult the Vivado Debug and Programming User Guide (UG908).
reset_run impl_1 -prev_step 
launch_runs impl_1 -to_step write_bitstream -jobs 4
[Sun Apr  3 19:20:57 2022] Launched impl_1...
Run output will be captured here: C:/Users/junki/Downloads/Telegram Desktop/incomplete_cockery.xpr/SoundDisplay/SoundDisplay.runs/impl_1/runme.log
set_property PROBES.FILE {} [get_hw_devices xc7a35t_0]
set_property FULL_PROBES.FILE {} [get_hw_devices xc7a35t_0]
set_property PROGRAM.FILE {C:/Users/junki/Downloads/Telegram Desktop/incomplete_cockery.xpr/SoundDisplay/SoundDisplay.runs/impl_1/Top_Student.bit} [get_hw_devices xc7a35t_0]
program_hw_devices [get_hw_devices xc7a35t_0]
INFO: [Labtools 27-3164] End of startup status: HIGH
refresh_hw_device [lindex [get_hw_devices xc7a35t_0] 0]
INFO: [Labtools 27-1434] Device xc7a35t (JTAG device index = 0) is programmed with a design that has no supported debug core(s) in it.
WARNING: [Labtools 27-3361] The debug hub core was not detected.
Resolution: 
1. Make sure the clock connected to the debug hub (dbg_hub) core is a free running clock and is active.
2. Make sure the BSCAN_SWITCH_USER_MASK device property in Vivado Hardware Manager reflects the user scan chain setting in the design and refresh the device.  To determine the user scan chain setting in the design, open the implemented design and use 'get_property C_USER_SCAN_CHAIN [get_debug_cores dbg_hub]'.
For more details on setting the scan chain property, consult the Vivado Debug and Programming User Guide (UG908).
set_property PROBES.FILE {} [get_hw_devices xc7a35t_0]
set_property FULL_PROBES.FILE {} [get_hw_devices xc7a35t_0]
set_property PROGRAM.FILE {C:/Users/junki/Downloads/Telegram Desktop/incomplete_cockery.xpr/SoundDisplay/SoundDisplay.runs/impl_1/Top_Student.bit} [get_hw_devices xc7a35t_0]
program_hw_devices [get_hw_devices xc7a35t_0]
INFO: [Labtools 27-3164] End of startup status: HIGH
refresh_hw_device [lindex [get_hw_devices xc7a35t_0] 0]
INFO: [Labtools 27-1434] Device xc7a35t (JTAG device index = 0) is programmed with a design that has no supported debug core(s) in it.
WARNING: [Labtools 27-3361] The debug hub core was not detected.
Resolution: 
1. Make sure the clock connected to the debug hub (dbg_hub) core is a free running clock and is active.
2. Make sure the BSCAN_SWITCH_USER_MASK device property in Vivado Hardware Manager reflects the user scan chain setting in the design and refresh the device.  To determine the user scan chain setting in the design, open the implemented design and use 'get_property C_USER_SCAN_CHAIN [get_debug_cores dbg_hub]'.
For more details on setting the scan chain property, consult the Vivado Debug and Programming User Guide (UG908).
reset_run synth_1
launch_runs impl_1 -to_step write_bitstream -jobs 4
[Sun Apr  3 19:22:36 2022] Launched synth_1...
Run output will be captured here: C:/Users/junki/Downloads/Telegram Desktop/incomplete_cockery.xpr/SoundDisplay/SoundDisplay.runs/synth_1/runme.log
[Sun Apr  3 19:22:37 2022] Launched impl_1...
Run output will be captured here: C:/Users/junki/Downloads/Telegram Desktop/incomplete_cockery.xpr/SoundDisplay/SoundDisplay.runs/impl_1/runme.log
set_property PROBES.FILE {} [get_hw_devices xc7a35t_0]
set_property FULL_PROBES.FILE {} [get_hw_devices xc7a35t_0]
set_property PROGRAM.FILE {C:/Users/junki/Downloads/Telegram Desktop/incomplete_cockery.xpr/SoundDisplay/SoundDisplay.runs/impl_1/Top_Student.bit} [get_hw_devices xc7a35t_0]
program_hw_devices [get_hw_devices xc7a35t_0]
INFO: [Labtools 27-3164] End of startup status: HIGH
refresh_hw_device [lindex [get_hw_devices xc7a35t_0] 0]
INFO: [Labtools 27-1434] Device xc7a35t (JTAG device index = 0) is programmed with a design that has no supported debug core(s) in it.
WARNING: [Labtools 27-3361] The debug hub core was not detected.
Resolution: 
1. Make sure the clock connected to the debug hub (dbg_hub) core is a free running clock and is active.
2. Make sure the BSCAN_SWITCH_USER_MASK device property in Vivado Hardware Manager reflects the user scan chain setting in the design and refresh the device.  To determine the user scan chain setting in the design, open the implemented design and use 'get_property C_USER_SCAN_CHAIN [get_debug_cores dbg_hub]'.
For more details on setting the scan chain property, consult the Vivado Debug and Programming User Guide (UG908).
reset_run impl_1 -prev_step 
launch_runs impl_1 -to_step write_bitstream -jobs 4
[Sun Apr  3 20:19:45 2022] Launched impl_1...
Run output will be captured here: C:/Users/junki/Downloads/Telegram Desktop/incomplete_cockery.xpr/SoundDisplay/SoundDisplay.runs/impl_1/runme.log
set_property PROBES.FILE {} [get_hw_devices xc7a35t_0]
set_property FULL_PROBES.FILE {} [get_hw_devices xc7a35t_0]
set_property PROGRAM.FILE {C:/Users/junki/Downloads/Telegram Desktop/incomplete_cockery.xpr/SoundDisplay/SoundDisplay.runs/impl_1/Top_Student.bit} [get_hw_devices xc7a35t_0]
program_hw_devices [get_hw_devices xc7a35t_0]
INFO: [Labtools 27-3164] End of startup status: HIGH
refresh_hw_device [lindex [get_hw_devices xc7a35t_0] 0]
INFO: [Labtools 27-1434] Device xc7a35t (JTAG device index = 0) is programmed with a design that has no supported debug core(s) in it.
WARNING: [Labtools 27-3361] The debug hub core was not detected.
Resolution: 
1. Make sure the clock connected to the debug hub (dbg_hub) core is a free running clock and is active.
2. Make sure the BSCAN_SWITCH_USER_MASK device property in Vivado Hardware Manager reflects the user scan chain setting in the design and refresh the device.  To determine the user scan chain setting in the design, open the implemented design and use 'get_property C_USER_SCAN_CHAIN [get_debug_cores dbg_hub]'.
For more details on setting the scan chain property, consult the Vivado Debug and Programming User Guide (UG908).
reset_run synth_1
launch_runs impl_1 -to_step write_bitstream -jobs 4
[Sun Apr  3 20:21:21 2022] Launched synth_1...
Run output will be captured here: C:/Users/junki/Downloads/Telegram Desktop/incomplete_cockery.xpr/SoundDisplay/SoundDisplay.runs/synth_1/runme.log
[Sun Apr  3 20:21:21 2022] Launched impl_1...
Run output will be captured here: C:/Users/junki/Downloads/Telegram Desktop/incomplete_cockery.xpr/SoundDisplay/SoundDisplay.runs/impl_1/runme.log
reset_run synth_1
launch_runs impl_1 -to_step write_bitstream -jobs 4
[Sun Apr  3 20:22:23 2022] Launched synth_1...
Run output will be captured here: C:/Users/junki/Downloads/Telegram Desktop/incomplete_cockery.xpr/SoundDisplay/SoundDisplay.runs/synth_1/runme.log
[Sun Apr  3 20:22:23 2022] Launched impl_1...
Run output will be captured here: C:/Users/junki/Downloads/Telegram Desktop/incomplete_cockery.xpr/SoundDisplay/SoundDisplay.runs/impl_1/runme.log
set_property PROBES.FILE {} [get_hw_devices xc7a35t_0]
set_property FULL_PROBES.FILE {} [get_hw_devices xc7a35t_0]
set_property PROGRAM.FILE {C:/Users/junki/Downloads/Telegram Desktop/incomplete_cockery.xpr/SoundDisplay/SoundDisplay.runs/impl_1/Top_Student.bit} [get_hw_devices xc7a35t_0]
program_hw_devices [get_hw_devices xc7a35t_0]
INFO: [Labtools 27-3164] End of startup status: HIGH
refresh_hw_device [lindex [get_hw_devices xc7a35t_0] 0]
INFO: [Labtools 27-1434] Device xc7a35t (JTAG device index = 0) is programmed with a design that has no supported debug core(s) in it.
WARNING: [Labtools 27-3361] The debug hub core was not detected.
Resolution: 
1. Make sure the clock connected to the debug hub (dbg_hub) core is a free running clock and is active.
2. Make sure the BSCAN_SWITCH_USER_MASK device property in Vivado Hardware Manager reflects the user scan chain setting in the design and refresh the device.  To determine the user scan chain setting in the design, open the implemented design and use 'get_property C_USER_SCAN_CHAIN [get_debug_cores dbg_hub]'.
For more details on setting the scan chain property, consult the Vivado Debug and Programming User Guide (UG908).
ERROR: [Labtoolstcl 44-513] HW Target shutdown. Closing target: localhost:3121/xilinx_tcf/Digilent/210183AA0CAEA
exit
INFO: [Common 17-206] Exiting Vivado at Sun Apr  3 23:16:56 2022...
